\BOOKMARK [0][-]{chapter.1}{Introduction}{}% 1
\BOOKMARK [1][-]{section.1.1}{Code Obfuscation}{chapter.1}% 2
\BOOKMARK [1][-]{section.1.2}{Challenges}{chapter.1}% 3
\BOOKMARK [1][-]{section.1.3}{Objective}{chapter.1}% 4
\BOOKMARK [0][-]{chapter.2}{Literature Survey}{}% 5
\BOOKMARK [1][-]{section.2.1}{Introduction}{chapter.2}% 6
\BOOKMARK [2][-]{subsection.2.1.1}{Code Obfuscation and Malware Detectors}{section.2.1}% 7
\BOOKMARK [2][-]{subsection.2.1.2}{Program Obfuscation}{section.2.1}% 8
\BOOKMARK [1][-]{section.2.2}{Obfuscation in Android Malware}{chapter.2}% 9
\BOOKMARK [2][-]{subsection.2.2.1}{Statistical Anaylsis Techniques and Android Malware}{section.2.2}% 10
\BOOKMARK [1][-]{section.2.3}{Conclusion}{chapter.2}% 11
\BOOKMARK [0][-]{chapter.3}{Code Obfuscation}{}% 12
\BOOKMARK [1][-]{section.3.1}{Growth of Obfuscation in Software Development}{chapter.3}% 13
\BOOKMARK [1][-]{section.3.2}{Malware Detectors}{chapter.3}% 14
\BOOKMARK [2][-]{subsection.3.2.1}{Signature Based Detection}{section.3.2}% 15
\BOOKMARK [2][-]{subsection.3.2.2}{Heuristics Based Detection}{section.3.2}% 16
\BOOKMARK [2][-]{subsection.3.2.3}{Rootkit Detection}{section.3.2}% 17
\BOOKMARK [2][-]{subsection.3.2.4}{On-Access Scanning}{section.3.2}% 18
\BOOKMARK [0][-]{chapter.4}{Android Malware Obfuscators}{}% 19
\BOOKMARK [1][-]{section.4.1}{Android Malware Detectors}{chapter.4}% 20
\BOOKMARK [2][-]{subsection.4.1.1}{Privilege Escalation}{section.4.1}% 21
\BOOKMARK [2][-]{subsection.4.1.2}{Remote Control}{section.4.1}% 22
\BOOKMARK [2][-]{subsection.4.1.3}{Monetary Loss}{section.4.1}% 23
\BOOKMARK [2][-]{subsection.4.1.4}{Information Collection}{section.4.1}% 24
\BOOKMARK [1][-]{section.4.2}{Android Malware Detection Limitations}{chapter.4}% 25
\BOOKMARK [2][-]{subsection.4.2.1}{Static Analysis}{section.4.2}% 26
\BOOKMARK [2][-]{subsection.4.2.2}{Dynamic Analysis}{section.4.2}% 27
\BOOKMARK [0][-]{chapter*.10}{LIST OF REFERENCES}{}% 28
\BOOKMARK [0][-]{appendix.A}{Zorak Likes Beans}{}% 29
\BOOKMARK [1][-]{section.A.1}{Oh Yes He Does}{appendix.A}% 30
\BOOKMARK [1][-]{section.A.2}{Really}{appendix.A}% 31
\BOOKMARK [0][-]{appendix.B}{Everybody Wants to Be Space Ghost}{}% 32
